<?xml version="1.0" encoding="UTF-8"?>
<!-- Generated by org.testng.reporters.JUnitReportReporter -->
<testsuite hostname="rajz-Dell-System-Inspiron-N4110" failures="0" tests="5" name="com.tests.LoginTest" time="2.823" errors="0" timestamp="25 Aug 2021 05:15:50 GMT" skipped="0">
  <testcase classname="com.tests.LoginTest" name="verifyUsernamePasswordLoginFields" time="0.291"/>
  <testcase classname="com.tests.LoginTest" name="verifyIfLoginSuccesful" time="1.350"/>
  <testcase classname="com.tests.LoginTest" name="verifyLoginErrorMessage" time="0.583"/>
  <testcase classname="com.tests.LoginTest" name="verifyCloseSymbol" time="0.482"/>
  <testcase classname="com.tests.LoginTest" name="verifyPasswordMasked" time="0.117"/>
</testsuite> <!-- com.tests.LoginTest -->
