<?xml version="1.0" encoding="UTF-8"?>
<!-- Generated by org.testng.reporters.JUnitReportReporter -->
<testsuite hostname="rajz-Dell-System-Inspiron-N4110" failures="0" tests="5" name="com.aequillibrium.tests.LoginTest" time="6.535" errors="0" timestamp="25 Aug 2021 05:32:00 GMT" skipped="0">
  <testcase classname="com.aequillibrium.tests.LoginTest" name="verifyUsernamePasswordLoginFields" time="1.268"/>
  <testcase classname="com.aequillibrium.tests.LoginTest" name="verifyIfLoginSuccesful" time="2.091"/>
  <testcase classname="com.aequillibrium.tests.LoginTest" name="verifyLoginErrorMessage" time="1.226"/>
  <testcase classname="com.aequillibrium.tests.LoginTest" name="verifyCloseSymbol" time="1.150"/>
  <testcase classname="com.aequillibrium.tests.LoginTest" name="verifyPasswordMasked" time="0.800"/>
</testsuite> <!-- com.aequillibrium.tests.LoginTest -->
